2024-06-30 14:01:02,868 : root : DEBUG : проверка: подключение к бд
2024-06-30 14:01:02,868 : root : DEBUG : проверка: выполнение запроса
2024-06-30 14:01:02,868 : root : DEBUG : проверка выполнена успешно
2024-06-30 14:01:02,868 : root : DEBUG : запускаю парсер
2024-06-30 14:01:02,868 : root : DEBUG : парсер завершил работу
2024-06-30 14:01:02,868 : root : DEBUG : запускаю процесс с кластеризацией
2024-06-30 14:01:05,808 : root : DEBUG : процесс кластеризации завершен
2024-06-30 14:01:05,808 : root : DEBUG : запускаю таймер для парсера; жду 3600 сек.
2024-06-30 14:01:05,808 : root : DEBUG : извлекаю заголовки кластеров
2024-06-30 14:01:05,808 : root : INFO : извлечено 24 заголовков кластеров
2024-06-30 14:01:05,808 : root : DEBUG : заголовки кластеров извлечены
2024-06-30 14:01:05,808 : root : DEBUG : извлекаю новости по кластерам
2024-06-30 14:01:05,816 : root : DEBUG : новости по кластерам извлечены
2024-06-30 14:01:28,619 : root : DEBUG : извлекаю заголовки кластеров
2024-06-30 14:01:28,621 : root : INFO : извлечено 24 заголовков кластеров
2024-06-30 14:01:28,621 : root : DEBUG : заголовки кластеров извлечены
2024-06-30 14:01:28,621 : root : DEBUG : извлекаю новости по кластерам
2024-06-30 14:01:28,653 : root : DEBUG : новости по кластерам извлечены
2024-06-30 14:26:34,993 : root : DEBUG : проверка: подключение к бд
2024-06-30 14:26:34,995 : root : DEBUG : проверка: выполнение запроса
2024-06-30 14:26:34,997 : root : DEBUG : проверка выполнена успешно
2024-06-30 14:26:34,997 : root : DEBUG : запускаю парсер
2024-06-30 14:26:35,092 : root : DEBUG : запуск парсеров
2024-06-30 14:26:35,092 : root : DEBUG : отправляю запрос к https://kuban24.tv/news
2024-06-30 14:26:35,140 : root : DEBUG : отправляю запрос к https://kubnews.ru/all/?type=news
2024-06-30 14:26:35,142 : root : DEBUG : отправляю запрос к https://kubantoday.ru/allposts/
2024-06-30 14:26:35,142 : root : DEBUG : отправляю запрос к https://www.livekuban.ru/news
2024-06-30 14:26:56,154 : root : INFO : Запарсено 10 новостей с https://kuban24.tv/news
2024-06-30 14:27:18,882 : root : INFO : запарсено 18 новостей с https://www.livekuban.ru/news
2024-06-30 14:27:18,883 : root : INFO : запарсено всего 28 новостей
2024-06-30 14:27:18,929 : root : INFO : в бд добавлено 5 новостей
2024-06-30 14:27:18,935 : root : DEBUG : парсер завершил работу
2024-06-30 14:27:18,935 : root : DEBUG : запускаю процесс с кластеризацией
2024-06-30 14:27:21,981 : root : DEBUG : процесс кластеризации завершен
2024-06-30 14:27:21,981 : root : DEBUG : запускаю таймер для парсера; жду 3600 сек.
2024-06-30 14:27:21,981 : root : DEBUG : извлекаю заголовки кластеров
2024-06-30 14:27:21,989 : root : INFO : извлечено 27 заголовков кластеров
2024-06-30 14:27:21,989 : root : DEBUG : заголовки кластеров извлечены
2024-06-30 14:27:21,989 : root : DEBUG : извлекаю новости по кластерам
2024-06-30 14:27:22,034 : root : DEBUG : новости по кластерам извлечены
2024-06-30 14:31:44,348 : root : DEBUG : проверка наличия таблицы Articles: подключение к бд
2024-06-30 14:31:44,350 : root : DEBUG : проверка наличия таблицы Articles: выполнение запроса
2024-06-30 14:31:44,351 : root : DEBUG : проверка выполнена успешно
2024-06-30 14:31:44,351 : root : DEBUG : запускаю парсер
2024-06-30 14:31:44,375 : root : DEBUG : запуск парсеров
2024-06-30 14:31:44,383 : root : DEBUG : отправляю запрос к https://kuban24.tv/news
2024-06-30 14:31:44,383 : root : DEBUG : отправляю запрос к https://kubnews.ru/all/?type=news
2024-06-30 14:31:44,383 : root : DEBUG : отправляю запрос к https://kubantoday.ru/allposts/
2024-06-30 14:31:44,383 : root : DEBUG : отправляю запрос к https://www.livekuban.ru/news
2024-06-30 14:32:07,000 : root : INFO : Запарсено 10 новостей с https://kuban24.tv/news
2024-06-30 14:32:24,789 : root : INFO : запарсено 18 новостей с https://www.livekuban.ru/news
2024-06-30 14:32:24,790 : root : INFO : запарсено всего 28 новостей
2024-06-30 14:32:24,790 : root : INFO : в бд добавлено 0 новостей
2024-06-30 14:32:24,796 : root : DEBUG : парсер завершил работу
2024-06-30 14:32:24,796 : root : DEBUG : запускаю процесс с кластеризацией
2024-06-30 14:32:27,971 : root : DEBUG : процесс кластеризации завершен
2024-06-30 14:32:27,971 : root : DEBUG : запускаю таймер для парсера; жду 3600 сек.
2024-06-30 14:32:27,971 : root : DEBUG : извлекаю заголовки кластеров
2024-06-30 14:32:27,980 : root : INFO : извлечено 27 заголовков кластеров
2024-06-30 14:32:27,980 : root : DEBUG : заголовки кластеров извлечены
2024-06-30 14:32:27,980 : root : DEBUG : извлекаю новости по кластерам
2024-06-30 14:32:28,007 : root : DEBUG : новости по кластерам извлечены
2024-06-30 14:33:53,397 : root : DEBUG : извлекаю заголовки кластеров
2024-06-30 14:33:53,398 : root : INFO : извлечено 27 заголовков кластеров
2024-06-30 14:33:53,398 : root : DEBUG : заголовки кластеров извлечены
2024-06-30 14:33:53,398 : root : DEBUG : извлекаю новости по кластерам
2024-06-30 14:33:53,414 : root : DEBUG : новости по кластерам извлечены
2024-06-30 14:34:23,222 : root : DEBUG : извлекаю заголовки кластеров
2024-06-30 14:34:23,222 : root : INFO : извлечено 27 заголовков кластеров
2024-06-30 14:34:23,222 : root : DEBUG : заголовки кластеров извлечены
2024-06-30 14:34:23,222 : root : DEBUG : извлекаю новости по кластерам
2024-06-30 14:34:23,247 : root : DEBUG : новости по кластерам извлечены
2024-06-30 14:35:35,440 : root : DEBUG : извлекаю заголовки кластеров
2024-06-30 14:35:35,447 : root : INFO : извлечено 27 заголовков кластеров
2024-06-30 14:35:35,447 : root : DEBUG : заголовки кластеров извлечены
2024-06-30 14:35:35,447 : root : DEBUG : извлекаю новости по кластерам
2024-06-30 14:35:35,491 : root : DEBUG : новости по кластерам извлечены
2024-06-30 14:39:23,391 : root : DEBUG : проверка наличия таблицы Articles: подключение к бд
2024-06-30 14:39:23,391 : root : DEBUG : проверка наличия таблицы Articles: выполнение запроса
2024-06-30 14:39:23,398 : root : DEBUG : проверка выполнена успешно
2024-06-30 14:39:23,398 : root : DEBUG : запускаю парсер
2024-06-30 14:39:23,424 : root : DEBUG : запуск парсеров
2024-06-30 14:39:23,425 : root : DEBUG : отправляю запрос к https://kuban24.tv/news
2024-06-30 14:39:23,430 : root : DEBUG : отправляю запрос к https://kubnews.ru/all/?type=news
2024-06-30 14:39:23,430 : root : DEBUG : отправляю запрос к https://kubantoday.ru/allposts/
2024-06-30 14:39:23,430 : root : DEBUG : отправляю запрос к https://www.livekuban.ru/news
2024-06-30 14:39:44,202 : root : INFO : Запарсено 10 новостей с https://kuban24.tv/news
2024-06-30 14:40:06,373 : root : INFO : запарсено 18 новостей с https://www.livekuban.ru/news
2024-06-30 14:40:06,373 : root : INFO : запарсено всего 28 новостей
2024-06-30 14:40:06,416 : root : INFO : в бд добавлено 1 новостей
2024-06-30 14:40:06,422 : root : DEBUG : парсер завершил работу
2024-06-30 14:40:06,422 : root : DEBUG : запускаю процесс с кластеризацией
2024-06-30 14:40:09,514 : root : DEBUG : процесс кластеризации завершен
2024-06-30 14:40:09,514 : root : DEBUG : запускаю таймер для парсера; жду 3600 сек.
2024-06-30 14:40:09,514 : root : DEBUG : извлекаю заголовки кластеров
2024-06-30 14:40:09,514 : root : INFO : извлечено 28 заголовков кластеров
2024-06-30 14:40:09,514 : root : DEBUG : заголовки кластеров извлечены
2024-06-30 14:40:09,514 : root : DEBUG : извлекаю новости по кластерам
2024-06-30 14:40:09,530 : root : DEBUG : новости по кластерам извлечены
2024-06-30 15:06:35,443 : root : DEBUG : проверка наличия таблицы Articles: подключение к бд
2024-06-30 15:06:35,451 : root : DEBUG : проверка наличия таблицы Articles: выполнение запроса
2024-06-30 15:06:35,451 : root : DEBUG : проверка выполнена успешно
2024-06-30 15:06:35,451 : root : DEBUG : запускаю парсер
2024-06-30 15:06:35,486 : root : DEBUG : запуск парсеров
2024-06-30 15:06:35,486 : root : DEBUG : отправляю запрос к https://kuban24.tv/news
2024-06-30 15:06:35,495 : root : DEBUG : отправляю запрос к https://kubnews.ru/all/?type=news
2024-06-30 15:06:35,495 : root : DEBUG : отправляю запрос к https://kubantoday.ru/allposts/
2024-06-30 15:06:35,495 : root : DEBUG : отправляю запрос к https://www.livekuban.ru/news
2024-06-30 15:06:56,111 : root : INFO : Запарсено 10 новостей с https://kuban24.tv/news
2024-06-30 15:07:18,824 : root : INFO : запарсено 18 новостей с https://www.livekuban.ru/news
2024-06-30 15:07:18,824 : root : INFO : запарсено всего 28 новостей
2024-06-30 15:07:18,870 : root : INFO : в бд добавлено 1 новостей
2024-06-30 15:07:18,876 : root : DEBUG : парсер завершил работу
2024-06-30 15:07:18,877 : root : DEBUG : запускаю процесс с кластеризацией
2024-06-30 15:07:22,015 : root : DEBUG : процесс кластеризации завершен
2024-06-30 15:07:22,015 : root : DEBUG : запускаю таймер для парсера; жду 3600 сек.
2024-06-30 15:07:22,015 : root : DEBUG : извлекаю заголовки кластеров
2024-06-30 15:07:22,023 : root : INFO : извлечено 29 заголовков кластеров
2024-06-30 15:07:22,024 : root : DEBUG : заголовки кластеров извлечены
2024-06-30 15:07:22,024 : root : DEBUG : извлекаю новости по кластерам
2024-06-30 15:07:22,059 : root : DEBUG : новости по кластерам извлечены
2024-06-30 18:04:23,130 : root : DEBUG : проверка наличия таблицы Articles: подключение к бд
2024-06-30 18:04:23,143 : root : DEBUG : проверка наличия таблицы Articles: выполнение запроса
2024-06-30 18:04:23,156 : root : DEBUG : проверка выполнена успешно
2024-06-30 18:04:23,156 : root : DEBUG : запускаю парсер
2024-06-30 18:04:23,156 : root : DEBUG : парсер завершил работу
2024-06-30 18:04:23,157 : root : DEBUG : загрузка новостей для векторизации
2024-06-30 18:04:23,158 : root : DEBUG : новости загружены
2024-06-30 18:04:23,158 : root : DEBUG : векторизация новостей
2024-06-30 18:05:16,545 : root : DEBUG : проверка наличия таблицы Articles: подключение к бд
2024-06-30 18:05:16,546 : root : DEBUG : проверка наличия таблицы Articles: выполнение запроса
2024-06-30 18:05:16,548 : root : DEBUG : проверка выполнена успешно
2024-06-30 18:05:16,548 : root : DEBUG : запускаю парсер
2024-06-30 18:05:16,548 : root : DEBUG : парсер завершил работу
2024-06-30 18:05:16,549 : root : DEBUG : загрузка новостей для векторизации
2024-06-30 18:05:16,549 : root : DEBUG : новости загружены
2024-06-30 18:05:16,550 : root : DEBUG : векторизация новостей
2024-06-30 18:17:41,392 : root : DEBUG : запуск парсеров
2024-06-30 18:17:41,392 : root : DEBUG : отправляю запрос к https://kuban24.tv/news1231312324plskda[]
2024-06-30 18:17:41,965 : root : INFO : запарсено всего 0 новостей
2024-06-30 18:17:41,982 : root : INFO : в бд добавлено 0 новостей
2024-06-30 18:29:06,115 : root : DEBUG : проверка наличия таблицы Articles: подключение к бд
2024-06-30 18:29:06,115 : root : DEBUG : проверка наличия таблицы Articles: выполнение запроса
2024-06-30 18:29:06,115 : root : DEBUG : проверка выполнена успешно
2024-06-30 18:29:06,115 : root : DEBUG : запускаю парсер
2024-06-30 18:29:06,115 : root : DEBUG : парсер завершил работу
2024-06-30 18:29:06,115 : root : DEBUG : загрузка новостей для векторизации
2024-06-30 18:29:06,115 : root : DEBUG : новости загружены
2024-06-30 18:29:06,115 : root : DEBUG : векторизация новостей
2024-06-30 18:29:06,132 : root : ERROR : ошибка при кластеризации: empty vocabulary; perhaps the documents only contain stop words
2024-06-30 18:29:06,132 : root : DEBUG : запускаю процесс с кластеризацией
2024-06-30 18:29:06,132 : root : DEBUG : процесс кластеризации завершен
2024-06-30 18:29:06,132 : root : DEBUG : запускаю таймер для парсера; жду 3600 сек.
2024-06-30 18:29:06,132 : root : DEBUG : извлекаю заголовки кластеров
2024-06-30 18:29:06,132 : root : INFO : извлечено 0 заголовков кластеров
2024-06-30 18:29:06,132 : root : DEBUG : заголовки кластеров извлечены
2024-06-30 18:29:06,132 : root : DEBUG : извлекаю новости по кластерам
2024-06-30 18:29:06,132 : root : DEBUG : новости по кластерам извлечены
2024-06-30 20:19:27,917 : root : DEBUG : проверка наличия таблицы Articles: подключение к бд
2024-06-30 20:19:27,917 : root : DEBUG : проверка наличия таблицы Articles: выполнение запроса
2024-06-30 20:19:27,920 : root : DEBUG : проверка выполнена успешно
2024-06-30 20:19:27,920 : root : DEBUG : запускаю парсер
2024-06-30 20:19:27,984 : root : DEBUG : запуск парсеров
2024-06-30 20:19:27,984 : root : DEBUG : отправляю запрос к https://kuban24.tv/news1231312324plskda[]
2024-06-30 20:19:27,999 : root : DEBUG : отправляю запрос к https://kubnews.ru/all/?type=news
2024-06-30 20:19:27,999 : root : DEBUG : отправляю запрос к https://kubantoday.ru/allposts/
2024-06-30 20:19:27,999 : root : DEBUG : отправляю запрос к https://www.livekuban.ru/news
2024-06-30 20:19:28,574 : root : ERROR : ошибка при парсинге https://kuban24.tv/news1231312324plskda[]: Client error '404 Not Found' for url 'https://kuban24.tv/news1231312324plskda[]'
For more information check: https://developer.mozilla.org/en-US/docs/Web/HTTP/Status/404
2024-06-30 20:20:04,893 : root : INFO : запарсено 18 новостей с https://www.livekuban.ru/news
2024-06-30 20:20:04,893 : root : INFO : запарсено всего 18 новостей
2024-06-30 20:20:04,942 : root : INFO : в бд добавлено 15 новостей
2024-06-30 20:20:04,943 : root : DEBUG : парсер завершил работу
2024-06-30 20:20:04,943 : root : DEBUG : запускаю функции кластеризации
2024-06-30 20:20:04,943 : root : DEBUG : загрузка новостей для векторизации
2024-06-30 20:20:04,943 : root : DEBUG : новости загружены
2024-06-30 20:20:04,951 : root : DEBUG : векторизация новостей
2024-06-30 20:20:05,059 : root : DEBUG : векторизация завершена
2024-06-30 20:20:05,059 : root : DEBUG : кластеризация новостей
2024-06-30 20:20:05,059 : root : INFO : получено 14 кластеров
2024-06-30 20:20:05,059 : root : DEBUG : обновление записей бд
2024-06-30 20:20:05,066 : root : INFO : обновлено 0 записей
2024-06-30 20:20:05,070 : root : DEBUG : кластеризация завершена
2024-06-30 20:20:05,070 : root : DEBUG : запускаю таймер для парсера; жду 3600 сек.
2024-06-30 20:20:05,070 : root : DEBUG : извлекаю заголовки кластеров
2024-06-30 20:20:05,070 : root : INFO : извлечено 14 заголовков кластеров
2024-06-30 20:20:05,070 : root : DEBUG : заголовки кластеров извлечены
2024-06-30 20:20:05,070 : root : DEBUG : извлекаю новости по кластерам
2024-06-30 20:20:05,078 : root : DEBUG : новости по кластерам извлечены
2024-06-30 20:20:59,079 : root : DEBUG : проверка наличия таблицы Articles: подключение к бд
2024-06-30 20:20:59,079 : root : DEBUG : проверка наличия таблицы Articles: выполнение запроса
2024-06-30 20:20:59,079 : root : DEBUG : проверка выполнена успешно
2024-06-30 20:20:59,080 : root : DEBUG : запускаю парсер
2024-06-30 20:20:59,100 : root : DEBUG : запуск парсеров
2024-06-30 20:20:59,100 : root : DEBUG : отправляю запрос к https://kuban24.tv/news
2024-06-30 20:20:59,100 : root : DEBUG : отправляю запрос к https://kubnews.ru/all/?type=news
2024-06-30 20:20:59,100 : root : DEBUG : отправляю запрос к https://kubantoday.ru/allposts/
2024-06-30 20:20:59,100 : root : DEBUG : отправляю запрос к https://www.livekuban.ru/news
2024-06-30 20:21:19,810 : root : INFO : Запарсено 10 новостей с https://kuban24.tv/news
2024-06-30 20:21:36,224 : root : INFO : запарсено 18 новостей с https://www.livekuban.ru/news
2024-06-30 20:21:36,224 : root : INFO : запарсено всего 28 новостей
2024-06-30 20:21:36,265 : root : INFO : в бд добавлено 10 новостей
2024-06-30 20:21:36,276 : root : DEBUG : парсер завершил работу
2024-06-30 20:21:36,276 : root : DEBUG : запускаю функции кластеризации
2024-06-30 20:21:36,276 : root : DEBUG : загрузка новостей для векторизации
2024-06-30 20:21:36,281 : root : DEBUG : новости загружены
2024-06-30 20:21:36,281 : root : DEBUG : векторизация новостей
2024-06-30 20:21:36,609 : root : DEBUG : векторизация завершена
2024-06-30 20:21:36,609 : root : DEBUG : кластеризация новостей
2024-06-30 20:21:36,609 : root : INFO : получено 23 кластеров
2024-06-30 20:21:36,609 : root : DEBUG : обновление записей бд
2024-06-30 20:21:36,657 : root : INFO : обновлено 0 записей
2024-06-30 20:21:36,659 : root : DEBUG : кластеризация завершена
2024-06-30 20:21:36,659 : root : DEBUG : запускаю таймер для парсера; жду 3600 сек.
2024-06-30 20:21:36,659 : root : DEBUG : извлекаю заголовки кластеров
2024-06-30 20:21:36,659 : root : INFO : извлечено 23 заголовков кластеров
2024-06-30 20:21:36,659 : root : DEBUG : заголовки кластеров извлечены
2024-06-30 20:21:36,659 : root : DEBUG : извлекаю новости по кластерам
2024-06-30 20:21:36,707 : root : DEBUG : новости по кластерам извлечены
2024-06-30 20:44:39,422 : root : DEBUG : проверка наличия таблицы Articles: подключение к бд
2024-06-30 20:44:39,423 : root : DEBUG : проверка наличия таблицы Articles: выполнение запроса
2024-06-30 20:44:39,424 : root : DEBUG : проверка выполнена успешно
2024-06-30 20:44:39,424 : root : DEBUG : запускаю парсер
2024-06-30 20:44:39,437 : root : DEBUG : запуск парсеров
2024-06-30 20:44:39,437 : root : DEBUG : отправляю запрос к https://kuban24.tv/news
2024-06-30 20:44:39,448 : root : DEBUG : отправляю запрос к https://kubnews.ru/all/?type=news
2024-06-30 20:44:39,448 : root : DEBUG : отправляю запрос к https://kubantoday.ru/allposts/
2024-06-30 20:44:39,448 : root : DEBUG : отправляю запрос к https://www.livekuban.ru/news
2024-06-30 20:45:00,460 : root : INFO : Запарсено 10 новостей с https://kuban24.tv/news
2024-06-30 20:45:18,444 : root : INFO : запарсено 18 новостей с https://www.livekuban.ru/news
2024-06-30 20:45:18,446 : root : INFO : запарсено всего 28 новостей
2024-06-30 20:45:18,446 : root : INFO : в бд добавлено 0 новостей
2024-06-30 20:45:18,446 : root : DEBUG : парсер завершил работу
2024-06-30 20:45:18,446 : root : DEBUG : запускаю функции кластеризации
2024-06-30 20:45:18,446 : root : DEBUG : загрузка новостей для векторизации
2024-06-30 20:45:18,446 : root : DEBUG : новости загружены
2024-06-30 20:45:18,446 : root : DEBUG : векторизация новостей
2024-06-30 20:45:18,636 : root : DEBUG : векторизация завершена
2024-06-30 20:45:18,636 : root : DEBUG : кластеризация новостей
2024-06-30 20:45:18,644 : root : INFO : получено 23 кластеров
2024-06-30 20:45:18,644 : root : DEBUG : обновление записей бд
2024-06-30 20:45:18,647 : root : INFO : обновлено 0 записей
2024-06-30 20:45:18,647 : root : DEBUG : кластеризация завершена
2024-06-30 20:45:18,647 : root : DEBUG : запускаю таймер для парсера; жду 3600 сек.
2024-06-30 20:45:18,647 : root : DEBUG : извлекаю заголовки кластеров
2024-06-30 20:45:18,647 : root : INFO : извлечено 23 заголовков кластеров
2024-06-30 20:45:18,647 : root : DEBUG : заголовки кластеров извлечены
2024-06-30 20:45:18,647 : root : DEBUG : извлекаю новости по кластерам
2024-06-30 20:45:18,663 : root : DEBUG : новости по кластерам извлечены
2024-06-30 20:46:46,345 : root : DEBUG : проверка наличия таблицы Articles: подключение к бд
2024-06-30 20:46:46,345 : root : DEBUG : проверка наличия таблицы Articles: выполнение запроса
2024-06-30 20:46:46,345 : root : DEBUG : проверка выполнена успешно
2024-06-30 20:46:46,353 : root : DEBUG : запускаю парсер
2024-06-30 20:46:46,374 : root : DEBUG : запуск парсеров
2024-06-30 20:46:46,374 : root : DEBUG : отправляю запрос к https://kuban24.tv/news
2024-06-30 20:46:46,382 : root : DEBUG : отправляю запрос к https://kubnews.ru/all/?type=news
2024-06-30 20:46:46,382 : root : DEBUG : отправляю запрос к https://kubantoday.ru/allposts/
2024-06-30 20:46:46,382 : root : DEBUG : отправляю запрос к https://www.livekuban.ru/news
2024-06-30 20:47:07,039 : root : INFO : Запарсено 10 новостей с https://kuban24.tv/news
2024-06-30 20:47:23,420 : root : INFO : запарсено 18 новостей с https://www.livekuban.ru/news
2024-06-30 20:47:23,420 : root : INFO : запарсено всего 28 новостей
2024-06-30 20:47:23,420 : root : INFO : в бд добавлено 0 новостей
2024-06-30 20:47:23,428 : root : DEBUG : парсер завершил работу
2024-06-30 20:47:23,428 : root : DEBUG : запускаю функции кластеризации
2024-06-30 20:47:26,198 : root : DEBUG : кластеризация завершена
2024-06-30 20:47:26,198 : root : DEBUG : запускаю таймер для парсера; жду 3600 сек.
2024-06-30 20:47:26,202 : root : DEBUG : извлекаю заголовки кластеров
2024-06-30 20:47:26,202 : root : INFO : извлечено 23 заголовков кластеров
2024-06-30 20:47:26,202 : root : DEBUG : заголовки кластеров извлечены
2024-06-30 20:47:26,202 : root : DEBUG : извлекаю новости по кластерам
2024-06-30 20:47:26,237 : root : DEBUG : новости по кластерам извлечены
2024-06-30 20:49:33,562 : root : DEBUG : проверка наличия таблицы Articles: подключение к бд
2024-06-30 20:49:33,563 : root : DEBUG : проверка наличия таблицы Articles: выполнение запроса
2024-06-30 20:49:33,565 : root : DEBUG : проверка выполнена успешно
2024-06-30 20:49:33,565 : root : DEBUG : запускаю парсер
2024-06-30 20:49:33,584 : root : DEBUG : запуск парсеров
2024-06-30 20:49:33,584 : root : DEBUG : отправляю запрос к https://kuban24.tv/news
2024-06-30 20:49:33,589 : root : DEBUG : отправляю запрос к https://kubnews.ru/all/?type=news
2024-06-30 20:49:33,589 : root : DEBUG : отправляю запрос к https://kubantoday.ru/allposts/
2024-06-30 20:49:33,589 : root : DEBUG : отправляю запрос к https://www.livekuban.ru/news
2024-06-30 20:49:54,306 : root : INFO : Запарсено 10 новостей с https://kuban24.tv/news
2024-06-30 20:50:10,711 : root : INFO : запарсено 18 новостей с https://www.livekuban.ru/news
2024-06-30 20:50:10,711 : root : INFO : запарсено всего 28 новостей
2024-06-30 20:50:10,711 : root : INFO : в бд добавлено 0 новостей
2024-06-30 20:50:10,720 : root : DEBUG : парсер завершил работу
2024-06-30 20:50:10,720 : root : DEBUG : запускаю процесс с кластеризацией
2024-06-30 20:50:13,636 : root : DEBUG : процесс кластеризации завершен
2024-06-30 20:50:13,636 : root : DEBUG : запускаю таймер для парсера; жду 3600 сек.
2024-06-30 20:50:13,637 : root : DEBUG : извлекаю заголовки кластеров
2024-06-30 20:50:13,637 : root : INFO : извлечено 23 заголовков кластеров
2024-06-30 20:50:13,637 : root : DEBUG : заголовки кластеров извлечены
2024-06-30 20:50:13,637 : root : DEBUG : извлекаю новости по кластерам
2024-06-30 20:50:13,669 : root : DEBUG : новости по кластерам извлечены
2024-06-30 20:52:40,808 : root : DEBUG : проверка наличия таблицы Articles: подключение к бд
2024-06-30 20:52:40,808 : root : DEBUG : проверка наличия таблицы Articles: выполнение запроса
2024-06-30 20:52:40,808 : root : DEBUG : проверка выполнена успешно
2024-06-30 20:52:40,808 : root : DEBUG : запускаю парсер
2024-06-30 20:52:40,808 : root : DEBUG : парсер завершил работу
2024-06-30 20:52:40,808 : root : DEBUG : запускаю процесс с кластеризацией
2024-06-30 20:52:43,506 : root : DEBUG : процесс кластеризации завершен
2024-06-30 20:52:43,506 : root : DEBUG : запускаю таймер для парсера; жду 3600 сек.
2024-06-30 20:52:43,507 : root : DEBUG : извлекаю заголовки кластеров
2024-06-30 20:52:43,507 : root : INFO : извлечено 0 заголовков кластеров
2024-06-30 20:52:43,507 : root : DEBUG : заголовки кластеров извлечены
2024-06-30 20:52:43,507 : root : DEBUG : извлекаю новости по кластерам
2024-06-30 20:52:43,507 : root : DEBUG : новости по кластерам извлечены
2024-06-30 20:56:11,574 : root : DEBUG : проверка наличия таблицы Articles: подключение к бд
2024-06-30 20:56:11,574 : root : DEBUG : проверка наличия таблицы Articles: выполнение запроса
2024-06-30 20:56:11,574 : root : DEBUG : проверка выполнена успешно
2024-06-30 20:56:11,574 : root : DEBUG : запускаю парсер
2024-06-30 20:56:11,599 : root : DEBUG : запуск парсеров
2024-06-30 20:56:11,599 : root : DEBUG : отправляю запрос к https://kuban24.tv/news
2024-06-30 20:56:11,599 : root : DEBUG : отправляю запрос к https://kubnews.ru/all/?type=news
2024-06-30 20:56:11,599 : root : DEBUG : отправляю запрос к https://kubantoday.ru/allposts/
2024-06-30 20:56:11,607 : root : DEBUG : отправляю запрос к https://www.livekuban.ru/news
2024-06-30 20:56:34,794 : root : INFO : Запарсено 10 новостей с https://kuban24.tv/news
2024-06-30 20:56:57,024 : root : ERROR : ошибка при парсинге https://www.livekuban.ru/news: 
2024-06-30 20:56:57,024 : root : INFO : запарсено всего 27 новостей
2024-06-30 20:56:57,072 : root : INFO : в бд добавлено 25 новостей
2024-06-30 20:56:57,075 : root : DEBUG : парсер завершил работу
2024-06-30 20:56:57,075 : root : DEBUG : запускаю процесс с кластеризацией
2024-06-30 20:57:00,231 : root : DEBUG : процесс кластеризации завершен
2024-06-30 20:57:00,231 : root : DEBUG : запускаю таймер для парсера; жду 3600 сек.
2024-06-30 20:57:00,239 : root : DEBUG : извлекаю заголовки кластеров
2024-06-30 20:57:00,240 : root : INFO : извлечено 23 заголовков кластеров
2024-06-30 20:57:00,240 : root : DEBUG : заголовки кластеров извлечены
2024-06-30 20:57:00,240 : root : DEBUG : извлекаю новости по кластерам
2024-06-30 20:57:00,281 : root : DEBUG : новости по кластерам извлечены
